<?xml version="1.0" encoding="UTF-8"?>
<testng-results ignored="0" total="1" passed="1" failed="0" skipped="0">
  <reporter-output>
  </reporter-output>
  <suite started-at="2023-01-23T08:12:19 GMT-08:00" name="Default suite" finished-at="2023-01-23T08:12:19 GMT-08:00" duration-ms="52">
    <groups>
    </groups>
    <test started-at="2023-01-23T08:12:19 GMT-08:00" name="Default test" finished-at="2023-01-23T08:12:19 GMT-08:00" duration-ms="52">
      <class name="com.TestNG.Annotations1">
        <test-method is-config="true" signature="gmailclose()[pri:0, instance:com.TestNG.Annotations1@4944252c]" started-at="2023-01-23T08:12:19 GMT-08:00" name="gmailclose" finished-at="2023-01-23T08:12:19 GMT-08:00" duration-ms="9" status="PASS">
          <reporter-output>
          </reporter-output>
        </test-method> <!-- gmailclose -->
        <test-method signature="gmailApplicationLaunch()[pri:0, instance:com.TestNG.Annotations1@4944252c]" started-at="2023-01-23T08:12:19 GMT-08:00" name="gmailApplicationLaunch" finished-at="2023-01-23T08:12:19 GMT-08:00" duration-ms="7" status="PASS">
          <reporter-output>
          </reporter-output>
        </test-method> <!-- gmailApplicationLaunch -->
        <test-method is-config="true" signature="gmailInbox()[pri:0, instance:com.TestNG.Annotations1@4944252c]" started-at="2023-01-23T08:12:19 GMT-08:00" name="gmailInbox" finished-at="2023-01-23T08:12:19 GMT-08:00" duration-ms="0" status="PASS">
          <reporter-output>
          </reporter-output>
        </test-method> <!-- gmailInbox -->
      </class> <!-- com.TestNG.Annotations1 -->
    </test> <!-- Default test -->
  </suite> <!-- Default suite -->
</testng-results>
