<?xml version="1.0" encoding="UTF-8"?>
<testng-results ignored="0" total="1" passed="1" failed="0" skipped="0">
  <reporter-output>
  </reporter-output>
  <suite started-at="2023-02-01T19:50:45 GMT-08:00" name="Default suite" finished-at="2023-02-01T19:50:53 GMT-08:00" duration-ms="7277">
    <groups>
    </groups>
    <test started-at="2023-02-01T19:50:45 GMT-08:00" name="Default test" finished-at="2023-02-01T19:50:53 GMT-08:00" duration-ms="7277">
      <class name="com.OrangeHRMApplication.OrangeHRMLogInPageTest">
        <test-method is-config="true" signature="setUp()[pri:0, instance:com.OrangeHRMApplication.OrangeHRMLogInPageTest@272ed83b]" started-at="2023-02-01T19:50:46 GMT-08:00" name="setUp" finished-at="2023-02-01T19:50:51 GMT-08:00" duration-ms="5019" status="PASS">
          <reporter-output>
          </reporter-output>
        </test-method> <!-- setUp -->
        <test-method signature="logInPageLogInFuncationalityTest()[pri:1, instance:com.OrangeHRMApplication.OrangeHRMLogInPageTest@272ed83b]" started-at="2023-02-01T19:50:51 GMT-08:00" name="logInPageLogInFuncationalityTest" description=" validating OrangeHRM Application LogIN Page LogIn Funcationality Test " finished-at="2023-02-01T19:50:53 GMT-08:00" duration-ms="1976" status="PASS">
          <reporter-output>
          </reporter-output>
        </test-method> <!-- logInPageLogInFuncationalityTest -->
        <test-method is-config="true" signature="tearDown()[pri:0, instance:com.OrangeHRMApplication.OrangeHRMLogInPageTest@272ed83b]" started-at="2023-02-01T19:50:53 GMT-08:00" name="tearDown" finished-at="2023-02-01T19:50:53 GMT-08:00" duration-ms="227" status="PASS">
          <reporter-output>
          </reporter-output>
        </test-method> <!-- tearDown -->
      </class> <!-- com.OrangeHRMApplication.OrangeHRMLogInPageTest -->
    </test> <!-- Default test -->
  </suite> <!-- Default suite -->
</testng-results>
